TN:
SF:application/useCases/CreateOrderByQrCode.ts
FN:17,(anonymous_0)
FN:24,(anonymous_1)
FNF:2
FNH:2
FNDA:9,(anonymous_0)
FNDA:11,(anonymous_1)
DA:1,1
DA:6,1
DA:16,1
DA:18,9
DA:19,9
DA:20,9
DA:21,9
DA:26,11
DA:27,10
DA:28,2
DA:32,8
DA:35,8
DA:36,1
DA:44,8
DA:51,8
DA:52,9
DA:53,9
DA:54,1
DA:57,8
DA:58,1
DA:61,7
DA:69,6
DA:72,6
DA:73,6
DA:75,6
LF:25
LH:25
BRDA:27,0,0,2
BRDA:35,1,0,1
BRDA:53,2,0,1
BRDA:57,3,0,1
BRF:4
BRH:4
end_of_record
TN:
SF:application/useCases/UpdateOrderStatus.ts
FN:13,(anonymous_0)
FN:15,(anonymous_1)
FNF:2
FNH:2
FNDA:22,(anonymous_0)
FNDA:22,(anonymous_1)
DA:4,1
DA:12,1
DA:13,22
DA:16,22
DA:17,2
DA:20,20
DA:21,19
DA:22,1
DA:25,18
DA:26,14
DA:32,14
DA:33,14
DA:35,14
LF:13
LH:13
BRDA:16,0,0,2
BRDA:21,1,0,1
BRF:2
BRH:2
end_of_record
TN:
SF:domain/entities/MenuItem.ts
FN:2,(anonymous_0)
FN:12,(anonymous_1)
FN:16,(anonymous_2)
FN:20,(anonymous_3)
FNF:4
FNH:3
FNDA:6,(anonymous_0)
FNDA:7,(anonymous_1)
FNDA:8,(anonymous_2)
FNDA:0,(anonymous_3)
DA:1,1
DA:3,6
DA:4,6
DA:5,6
DA:6,6
DA:7,6
DA:8,6
DA:9,6
DA:13,7
DA:17,8
DA:21,0
LF:11
LH:10
BRDA:8,0,0,0
BRDA:9,1,0,0
BRDA:17,2,0,8
BRDA:17,2,1,7
BRF:4
BRH:2
end_of_record
TN:
SF:domain/entities/Order.ts
FN:1,(anonymous_0)
FN:12,(anonymous_1)
FN:20,(anonymous_2)
FN:26,(anonymous_3)
FN:35,(anonymous_4)
FN:39,(anonymous_5)
FN:43,(anonymous_6)
FN:51,(anonymous_7)
FN:52,(anonymous_8)
FN:55,(anonymous_9)
FN:70,(anonymous_10)
FN:74,(anonymous_11)
FNF:12
FNH:4
FNDA:2,(anonymous_0)
FNDA:0,(anonymous_1)
FNDA:0,(anonymous_2)
FNDA:56,(anonymous_3)
FNDA:0,(anonymous_4)
FNDA:0,(anonymous_5)
FNDA:18,(anonymous_6)
FNDA:0,(anonymous_7)
FNDA:0,(anonymous_8)
FNDA:18,(anonymous_9)
FNDA:0,(anonymous_10)
FNDA:0,(anonymous_11)
DA:1,2
DA:2,2
DA:3,2
DA:4,2
DA:5,2
DA:6,2
DA:7,2
DA:8,2
DA:11,2
DA:13,0
DA:14,0
DA:15,0
DA:16,0
DA:17,0
DA:21,0
DA:25,2
DA:27,56
DA:28,56
DA:29,56
DA:30,56
DA:31,56
DA:32,56
DA:36,0
DA:40,0
DA:44,18
DA:52,0
DA:56,18
DA:57,4
DA:60,14
DA:71,0
DA:75,0
LF:31
LH:20
BRDA:1,0,0,2
BRDA:1,0,1,2
BRDA:31,1,0,0
BRDA:32,2,0,0
BRDA:56,3,0,4
BRDA:56,4,0,18
BRDA:56,4,1,6
BRF:7
BRH:5
end_of_record
TN:
SF:domain/entities/Table.ts
FN:2,(anonymous_0)
FN:9,(anonymous_1)
FN:13,(anonymous_2)
FN:17,(anonymous_3)
FN:21,(anonymous_4)
FNF:5
FNH:1
FNDA:6,(anonymous_0)
FNDA:0,(anonymous_1)
FNDA:0,(anonymous_2)
FNDA:0,(anonymous_3)
FNDA:0,(anonymous_4)
DA:1,1
DA:3,6
DA:4,6
DA:5,6
DA:6,6
DA:10,0
DA:14,0
DA:18,0
DA:22,0
LF:9
LH:5
BRF:0
BRH:0
end_of_record
TN:
SF:domain/entities/User.ts
FN:1,(anonymous_0)
FN:8,(anonymous_1)
FN:16,(anonymous_2)
FN:20,(anonymous_3)
FN:24,(anonymous_4)
FN:28,(anonymous_5)
FN:32,(anonymous_6)
FNF:7
FNH:3
FNDA:2,(anonymous_0)
FNDA:28,(anonymous_1)
FNDA:0,(anonymous_2)
FNDA:0,(anonymous_3)
FNDA:0,(anonymous_4)
FNDA:20,(anonymous_5)
FNDA:0,(anonymous_6)
DA:1,2
DA:2,2
DA:3,2
DA:4,2
DA:7,2
DA:9,28
DA:10,28
DA:11,28
DA:12,28
DA:13,28
DA:17,0
DA:21,0
DA:25,0
DA:29,20
DA:33,0
LF:15
LH:11
BRDA:1,0,0,2
BRDA:1,0,1,2
BRDA:13,1,0,0
BRDA:21,2,0,0
BRDA:21,2,1,0
BRDA:25,3,0,0
BRDA:25,3,1,0
BRF:7
BRH:2
end_of_record
TN:
SF:interfaces/graphql/pubsub.ts
FNF:0
FNH:0
DA:1,2
DA:4,2
DA:7,2
LF:3
LH:3
BRF:0
BRH:0
end_of_record
